# JRE version: OpenJDK Runtime Environment Temurin-21.0.10+7 (21.0.10+7) (build 21.0.10+7-LTS)
# Java VM: OpenJDK 64-Bit Server VM Temurin-21.0.10+7 (21.0.10+7-LTS, mixed mode, sharing, tiered, compressed oops, compressed class ptrs, parallel gc, windows-amd64)
GC Precious Log:
 CardTable entry size: 512
 CPUs: 8 total, 8 available
 Memory: 16063M
 Large Page Support: Disabled
 NUMA Support: Disabled
 Compressed Oops: Enabled (32-bit)
 Alignments: Space 512K, Generation 512K, Heap 2M
 Heap Min Capacity: 100M
 Heap Initial Capacity: 100M
 Heap Max Capacity: 2G
 Pre-touch: Disabled
 Parallel Workers: 8
Heap:
 PSYoungGen      total 16896K, used 11848K [0x00000000d5580000, 0x00000000d6c00000, 0x0000000100000000)
  eden space 16384K, 69% used [0x00000000d5580000,0x00000000d6092200,0x00000000d6580000)
  from space 512K, 100% used [0x00000000d6800000,0x00000000d6880000,0x00000000d6880000)
  to   space 2560K, 0% used [0x00000000d6580000,0x00000000d6580000,0x00000000d6800000)
 ParOldGen       total 68608K, used 48864K [0x0000000080000000, 0x0000000084300000, 0x00000000d5580000)
  object space 68608K, 71% used [0x0000000080000000,0x0000000082fb83c8,0x0000000084300000)
 Metaspace       used 72139K, committed 73728K, reserved 1114112K
  class space    used 9087K, committed 9792K, reserved 1048576K
GC Heap History (20 events):
Event: 105.673 GC heap before
{Heap before GC invocations=50 (full 3):
 PSYoungGen      total 19456K, used 19229K [0x00000000d5580000, 0x00000000d6a00000, 0x0000000100000000)
  eden space 17920K, 100% used [0x00000000d5580000,0x00000000d6700000,0x00000000d6700000)
  from space 1536K, 85% used [0x00000000d6880000,0x00000000d69c76e8,0x00000000d6a00000)
  to   space 1536K, 0% used [0x00000000d6700000,0x00000000d6700000,0x00000000d6880000)
 ParOldGen       total 68608K, used 44816K [0x0000000080000000, 0x0000000084300000, 0x00000000d5580000)
  object space 68608K, 65% used [0x0000000080000000,0x0000000082bc4278,0x0000000084300000)
 Metaspace       used 66331K, committed 67648K, reserved 1114112K
  class space    used 8330K, committed 8960K, reserved 1048576K
}
Event: 105.674 GC heap after
{Heap after GC invocations=50 (full 3):
 PSYoungGen      total 18432K, used 384K [0x00000000d5580000, 0x00000000d6900000, 0x0000000100000000)
  eden space 17920K, 0% used [0x00000000d5580000,0x00000000d5580000,0x00000000d6700000)
  from space 512K, 75% used [0x00000000d6700000,0x00000000d6760000,0x00000000d6780000)
  to   space 1024K, 0% used [0x00000000d6800000,0x00000000d6800000,0x00000000d6900000)
 ParOldGen       total 68608K, used 44872K [0x0000000080000000, 0x0000000084300000, 0x00000000d5580000)
  object space 68608K, 65% used [0x0000000080000000,0x0000000082bd2278,0x0000000084300000)
 Metaspace       used 66331K, committed 67648K, reserved 1114112K
  class space    used 8330K, committed 8960K, reserved 1048576K
}
Event: 106.183 GC heap before
{Heap before GC invocations=51 (full 3):
 PSYoungGen      total 18432K, used 18304K [0x00000000d5580000, 0x00000000d6900000, 0x0000000100000000)
  eden space 17920K, 100% used [0x00000000d5580000,0x00000000d6700000,0x00000000d6700000)
  from space 512K, 75% used [0x00000000d6700000,0x00000000d6760000,0x00000000d6780000)
  to   space 1024K, 0% used [0x00000000d6800000,0x00000000d6800000,0x00000000d6900000)
 ParOldGen       total 68608K, used 44872K [0x0000000080000000, 0x0000000084300000, 0x00000000d5580000)
  object space 68608K, 65% used [0x0000000080000000,0x0000000082bd2278,0x0000000084300000)
 Metaspace       used 68159K, committed 69632K, reserved 1114112K
  class space    used 8615K, committed 9280K, reserved 1048576K
}
Event: 106.185 GC heap after
{Heap after GC invocations=51 (full 3):
 PSYoungGen      total 18944K, used 672K [0x00000000d5580000, 0x00000000d6900000, 0x0000000100000000)
  eden space 17920K, 0% used [0x00000000d5580000,0x00000000d5580000,0x00000000d6700000)
  from space 1024K, 65% used [0x00000000d6800000,0x00000000d68a8010,0x00000000d6900000)
  to   space 1024K, 0% used [0x00000000d6700000,0x00000000d6700000,0x00000000d6800000)
 ParOldGen       total 68608K, used 45144K [0x0000000080000000, 0x0000000084300000, 0x00000000d5580000)
  object space 68608K, 65% used [0x0000000080000000,0x0000000082c16298,0x0000000084300000)
 Metaspace       used 68159K, committed 69632K, reserved 1114112K
  class space    used 8615K, committed 9280K, reserved 1048576K
}
Event: 118.289 GC heap before
{Heap before GC invocations=52 (full 3):
 PSYoungGen      total 18944K, used 18592K [0x00000000d5580000, 0x00000000d6900000, 0x0000000100000000)
  eden space 17920K, 100% used [0x00000000d5580000,0x00000000d6700000,0x00000000d6700000)
  from space 1024K, 65% used [0x00000000d6800000,0x00000000d68a8010,0x00000000d6900000)
  to   space 1024K, 0% used [0x00000000d6700000,0x00000000d6700000,0x00000000d6800000)
 ParOldGen       total 68608K, used 45144K [0x0000000080000000, 0x0000000084300000, 0x00000000d5580000)
  object space 68608K, 65% used [0x0000000080000000,0x0000000082c16298,0x0000000084300000)
 Metaspace       used 69309K, committed 70784K, reserved 1114112K
  class space    used 8752K, committed 9408K, reserved 1048576K
}
Event: 118.291 GC heap after
{Heap after GC invocations=52 (full 3):
 PSYoungGen      total 18944K, used 705K [0x00000000d5580000, 0x00000000d6900000, 0x0000000100000000)
  eden space 17920K, 0% used [0x00000000d5580000,0x00000000d5580000,0x00000000d6700000)
  from space 1024K, 68% used [0x00000000d6700000,0x00000000d67b0748,0x00000000d6800000)
  to   space 1024K, 0% used [0x00000000d6800000,0x00000000d6800000,0x00000000d6900000)
 ParOldGen       total 68608K, used 45643K [0x0000000080000000, 0x0000000084300000, 0x00000000d5580000)
  object space 68608K, 66% used [0x0000000080000000,0x0000000082c92e18,0x0000000084300000)
 Metaspace       used 69309K, committed 70784K, reserved 1114112K
  class space    used 8752K, committed 9408K, reserved 1048576K
}
Event: 118.579 GC heap before
{Heap before GC invocations=53 (full 3):
 PSYoungGen      total 18944K, used 18625K [0x00000000d5580000, 0x00000000d6900000, 0x0000000100000000)
  eden space 17920K, 100% used [0x00000000d5580000,0x00000000d6700000,0x00000000d6700000)
  from space 1024K, 68% used [0x00000000d6700000,0x00000000d67b0748,0x00000000d6800000)
  to   space 1024K, 0% used [0x00000000d6800000,0x00000000d6800000,0x00000000d6900000)
 ParOldGen       total 68608K, used 45643K [0x0000000080000000, 0x0000000084300000, 0x00000000d5580000)
  object space 68608K, 66% used [0x0000000080000000,0x0000000082c92e18,0x0000000084300000)
 Metaspace       used 69750K, committed 71168K, reserved 1114112K
  class space    used 8815K, committed 9472K, reserved 1048576K
}
Event: 118.581 GC heap after
{Heap after GC invocations=53 (full 3):
 PSYoungGen      total 18944K, used 832K [0x00000000d5580000, 0x00000000d6900000, 0x0000000100000000)
  eden space 17920K, 0% used [0x00000000d5580000,0x00000000d5580000,0x00000000d6700000)
  from space 1024K, 81% used [0x00000000d6800000,0x00000000d68d0010,0x00000000d6900000)
  to   space 1024K, 0% used [0x00000000d6700000,0x00000000d6700000,0x00000000d6800000)
 ParOldGen       total 68608K, used 46123K [0x0000000080000000, 0x0000000084300000, 0x00000000d5580000)
  object space 68608K, 67% used [0x0000000080000000,0x0000000082d0ae18,0x0000000084300000)
 Metaspace       used 69750K, committed 71168K, reserved 1114112K
  class space    used 8815K, committed 9472K, reserved 1048576K
}
Event: 119.918 GC heap before
{Heap before GC invocations=54 (full 3):
 PSYoungGen      total 18944K, used 18752K [0x00000000d5580000, 0x00000000d6900000, 0x0000000100000000)
  eden space 17920K, 100% used [0x00000000d5580000,0x00000000d6700000,0x00000000d6700000)
  from space 1024K, 81% used [0x00000000d6800000,0x00000000d68d0010,0x00000000d6900000)
  to   space 1024K, 0% used [0x00000000d6700000,0x00000000d6700000,0x00000000d6800000)
 ParOldGen       total 68608K, used 46123K [0x0000000080000000, 0x0000000084300000, 0x00000000d5580000)
  object space 68608K, 67% used [0x0000000080000000,0x0000000082d0ae18,0x0000000084300000)
 Metaspace       used 69880K, committed 71296K, reserved 1114112K
  class space    used 8827K, committed 9472K, reserved 1048576K
}
Event: 119.920 GC heap after
{Heap after GC invocations=54 (full 3):
 PSYoungGen      total 18944K, used 224K [0x00000000d5580000, 0x00000000d6880000, 0x0000000100000000)
  eden space 17920K, 0% used [0x00000000d5580000,0x00000000d5580000,0x00000000d6700000)
  from space 1024K, 21% used [0x00000000d6700000,0x00000000d6738000,0x00000000d6800000)
  to   space 512K, 0% used [0x00000000d6800000,0x00000000d6800000,0x00000000d6880000)
 ParOldGen       total 68608K, used 46851K [0x0000000080000000, 0x0000000084300000, 0x00000000d5580000)
  object space 68608K, 68% used [0x0000000080000000,0x0000000082dc0e28,0x0000000084300000)
 Metaspace       used 69880K, committed 71296K, reserved 1114112K
  class space    used 8827K, committed 9472K, reserved 1048576K
}
Event: 120.552 GC heap before
{Heap before GC invocations=55 (full 3):
 PSYoungGen      total 18944K, used 18144K [0x00000000d5580000, 0x00000000d6880000, 0x0000000100000000)
  eden space 17920K, 100% used [0x00000000d5580000,0x00000000d6700000,0x00000000d6700000)
  from space 1024K, 21% used [0x00000000d6700000,0x00000000d6738000,0x00000000d6800000)
  to   space 512K, 0% used [0x00000000d6800000,0x00000000d6800000,0x00000000d6880000)
 ParOldGen       total 68608K, used 46851K [0x0000000080000000, 0x0000000084300000, 0x00000000d5580000)
  object space 68608K, 68% used [0x0000000080000000,0x0000000082dc0e28,0x0000000084300000)
 Metaspace       used 69887K, committed 71296K, reserved 1114112K
  class space    used 8828K, committed 9472K, reserved 1048576K
}
Event: 120.553 GC heap after
{Heap after GC invocations=55 (full 3):
 PSYoungGen      total 18432K, used 160K [0x00000000d5580000, 0x00000000d6880000, 0x0000000100000000)
  eden space 17920K, 0% used [0x00000000d5580000,0x00000000d5580000,0x00000000d6700000)
  from space 512K, 31% used [0x00000000d6800000,0x00000000d6828000,0x00000000d6880000)
  to   space 512K, 0% used [0x00000000d6780000,0x00000000d6780000,0x00000000d6800000)
 ParOldGen       total 68608K, used 46899K [0x0000000080000000, 0x0000000084300000, 0x00000000d5580000)
  object space 68608K, 68% used [0x0000000080000000,0x0000000082dcce28,0x0000000084300000)
 Metaspace       used 69887K, committed 71296K, reserved 1114112K
  class space    used 8828K, committed 9472K, reserved 1048576K
}
Event: 121.093 GC heap before
{Heap before GC invocations=56 (full 3):
 PSYoungGen      total 18432K, used 18079K [0x00000000d5580000, 0x00000000d6880000, 0x0000000100000000)
  eden space 17920K, 99% used [0x00000000d5580000,0x00000000d66fffc0,0x00000000d6700000)
  from space 512K, 31% used [0x00000000d6800000,0x00000000d6828000,0x00000000d6880000)
  to   space 512K, 0% used [0x00000000d6780000,0x00000000d6780000,0x00000000d6800000)
 ParOldGen       total 68608K, used 46899K [0x0000000080000000, 0x0000000084300000, 0x00000000d5580000)
  object space 68608K, 68% used [0x0000000080000000,0x0000000082dcce28,0x0000000084300000)
 Metaspace       used 70105K, committed 71552K, reserved 1114112K
  class space    used 8853K, committed 9472K, reserved 1048576K
}
Event: 121.095 GC heap after
{Heap after GC invocations=56 (full 3):
 PSYoungGen      total 18432K, used 408K [0x00000000d5580000, 0x00000000d6880000, 0x0000000100000000)
  eden space 17920K, 0% used [0x00000000d5580000,0x00000000d5580000,0x00000000d6700000)
  from space 512K, 79% used [0x00000000d6780000,0x00000000d67e61a8,0x00000000d6800000)
  to   space 512K, 0% used [0x00000000d6800000,0x00000000d6800000,0x00000000d6880000)
 ParOldGen       total 68608K, used 46955K [0x0000000080000000, 0x0000000084300000, 0x00000000d5580000)
  object space 68608K, 68% used [0x0000000080000000,0x0000000082ddae28,0x0000000084300000)
 Metaspace       used 70105K, committed 71552K, reserved 1114112K
  class space    used 8853K, committed 9472K, reserved 1048576K
}
Event: 121.629 GC heap before
{Heap before GC invocations=57 (full 3):
 PSYoungGen      total 18432K, used 18328K [0x00000000d5580000, 0x00000000d6880000, 0x0000000100000000)
  eden space 17920K, 100% used [0x00000000d5580000,0x00000000d6700000,0x00000000d6700000)
  from space 512K, 79% used [0x00000000d6780000,0x00000000d67e61a8,0x00000000d6800000)
  to   space 512K, 0% used [0x00000000d6800000,0x00000000d6800000,0x00000000d6880000)
 ParOldGen       total 68608K, used 46955K [0x0000000080000000, 0x0000000084300000, 0x00000000d5580000)
  object space 68608K, 68% used [0x0000000080000000,0x0000000082ddae28,0x0000000084300000)
 Metaspace       used 70606K, committed 72192K, reserved 1114112K
  class space    used 8908K, committed 9600K, reserved 1048576K
}
Event: 121.631 GC heap after
{Heap after GC invocations=57 (full 3):
 PSYoungGen      total 18432K, used 448K [0x00000000d5580000, 0x00000000d6880000, 0x0000000100000000)
  eden space 17920K, 0% used [0x00000000d5580000,0x00000000d5580000,0x00000000d6700000)
  from space 512K, 87% used [0x00000000d6800000,0x00000000d6870000,0x00000000d6880000)
  to   space 512K, 0% used [0x00000000d6780000,0x00000000d6780000,0x00000000d6800000)
 ParOldGen       total 68608K, used 47262K [0x0000000080000000, 0x0000000084300000, 0x00000000d5580000)
  object space 68608K, 68% used [0x0000000080000000,0x0000000082e279b0,0x0000000084300000)
 Metaspace       used 70606K, committed 72192K, reserved 1114112K
  class space    used 8908K, committed 9600K, reserved 1048576K
}
Event: 174.934 GC heap before
{Heap before GC invocations=58 (full 3):
 PSYoungGen      total 18432K, used 18368K [0x00000000d5580000, 0x00000000d6880000, 0x0000000100000000)
  eden space 17920K, 100% used [0x00000000d5580000,0x00000000d6700000,0x00000000d6700000)
  from space 512K, 87% used [0x00000000d6800000,0x00000000d6870000,0x00000000d6880000)
  to   space 512K, 0% used [0x00000000d6780000,0x00000000d6780000,0x00000000d6800000)
 ParOldGen       total 68608K, used 47262K [0x0000000080000000, 0x0000000084300000, 0x00000000d5580000)
  object space 68608K, 68% used [0x0000000080000000,0x0000000082e279b0,0x0000000084300000)
 Metaspace       used 70786K, committed 72320K, reserved 1114112K
  class space    used 8921K, committed 9600K, reserved 1048576K
}
Event: 174.937 GC heap after
{Heap after GC invocations=58 (full 3):
 PSYoungGen      total 18432K, used 432K [0x00000000d5580000, 0x00000000d6880000, 0x0000000100000000)
  eden space 17920K, 0% used [0x00000000d5580000,0x00000000d5580000,0x00000000d6700000)
  from space 512K, 84% used [0x00000000d6780000,0x00000000d67ec020,0x00000000d6800000)
  to   space 512K, 0% used [0x00000000d6800000,0x00000000d6800000,0x00000000d6880000)
 ParOldGen       total 68608K, used 47476K [0x0000000080000000, 0x0000000084300000, 0x00000000d5580000)
  object space 68608K, 69% used [0x0000000080000000,0x0000000082e5d398,0x0000000084300000)
 Metaspace       used 70786K, committed 72320K, reserved 1114112K
  class space    used 8921K, committed 9600K, reserved 1048576K
}
Event: 361.341 GC heap before
{Heap before GC invocations=59 (full 3):
 PSYoungGen      total 18432K, used 18352K [0x00000000d5580000, 0x00000000d6880000, 0x0000000100000000)
  eden space 17920K, 100% used [0x00000000d5580000,0x00000000d6700000,0x00000000d6700000)
  from space 512K, 84% used [0x00000000d6780000,0x00000000d67ec020,0x00000000d6800000)
  to   space 512K, 0% used [0x00000000d6800000,0x00000000d6800000,0x00000000d6880000)
 ParOldGen       total 68608K, used 47476K [0x0000000080000000, 0x0000000084300000, 0x00000000d5580000)
  object space 68608K, 69% used [0x0000000080000000,0x0000000082e5d398,0x0000000084300000)
 Metaspace       used 71812K, committed 73472K, reserved 1114112K
  class space    used 9050K, committed 9792K, reserved 1048576K
}
Event: 361.343 GC heap after
{Heap after GC invocations=59 (full 3):
 PSYoungGen      total 16896K, used 512K [0x00000000d5580000, 0x00000000d6c00000, 0x0000000100000000)
  eden space 16384K, 0% used [0x00000000d5580000,0x00000000d5580000,0x00000000d6580000)
  from space 512K, 100% used [0x00000000d6800000,0x00000000d6880000,0x00000000d6880000)
  to   space 2560K, 0% used [0x00000000d6580000,0x00000000d6580000,0x00000000d6800000)
 ParOldGen       total 68608K, used 48864K [0x0000000080000000, 0x0000000084300000, 0x00000000d5580000)
  object space 68608K, 71% used [0x0000000080000000,0x0000000082fb83c8,0x0000000084300000)
 Metaspace       used 71812K, committed 73472K, reserved 1114112K
  class space    used 9050K, committed 9792K, reserved 1048576K
}

